[debug] [2020-12-12T14:23:48.465Z] ----------------------------------------------------------------------
[debug] [2020-12-12T14:23:48.466Z] Command:       /usr/local/bin/node /usr/local/bin/firebase emulators:start
[debug] [2020-12-12T14:23:48.467Z] CLI Version:   8.18.0
[debug] [2020-12-12T14:23:48.467Z] Platform:      darwin
[debug] [2020-12-12T14:23:48.467Z] Node Version:  v12.13.1
[debug] [2020-12-12T14:23:48.467Z] Time:          Sat Dec 12 2020 08:23:48 GMT-0600 (Central Standard Time)
[debug] [2020-12-12T14:23:48.467Z] ----------------------------------------------------------------------
[debug] [2020-12-12T14:23:48.467Z] 
[debug] [2020-12-12T14:23:48.475Z] > command requires scopes: ["email","openid","https://www.googleapis.com/auth/cloudplatformprojects.readonly","https://www.googleapis.com/auth/firebase","https://www.googleapis.com/auth/cloud-platform"]
[debug] [2020-12-12T14:23:48.476Z] > authorizing via signed-in user
[info] i  emulators: Starting emulators: auth, functions, firestore, database, hosting, pubsub {"metadata":{"emulator":{"name":"hub"},"message":"Starting emulators: auth, functions, firestore, database, hosting, pubsub"}}
[debug] [2020-12-12T14:23:48.488Z] [hub] writing locator at /var/folders/pb/g20wc6_90hs4_ldnx3sz2xd40000gn/T/hub-coach-yard.json
[warn] ⚠  Your requested "node" version "10" doesn't match your global version "12" {"metadata":{"emulator":{"name":"functions"},"message":"Your requested \"node\" version \"10\" doesn't match your global version \"12\""}}
[debug] [2020-12-12T14:23:48.512Z] defaultcredentials: writing to file /Users/zackjordan/.config/firebase/pixelwelders_gmail_com_application_default_credentials.json
[debug] [2020-12-12T14:23:48.514Z] Setting GAC to /Users/zackjordan/.config/firebase/pixelwelders_gmail_com_application_default_credentials.json {"metadata":{"emulator":{"name":"functions"},"message":"Setting GAC to /Users/zackjordan/.config/firebase/pixelwelders_gmail_com_application_default_credentials.json"}}
[warn] ⚠  firestore: Did not find a Cloud Firestore rules file specified in a firebase.json config file. {"metadata":{"emulator":{"name":"firestore"},"message":"Did not find a Cloud Firestore rules file specified in a firebase.json config file."}}
[warn] ⚠  firestore: The emulator will default to allowing all reads and writes. Learn more about this option: https://firebase.google.com/docs/emulator-suite/install_and_configure#security_rules_configuration. {"metadata":{"emulator":{"name":"firestore"},"message":"The emulator will default to allowing all reads and writes. Learn more about this option: https://firebase.google.com/docs/emulator-suite/install_and_configure#security_rules_configuration."}}
[debug] [2020-12-12T14:23:48.530Z] Ignoring unsupported arg: projectId {"metadata":{"emulator":{"name":"firestore"},"message":"Ignoring unsupported arg: projectId"}}
[debug] [2020-12-12T14:23:48.530Z] Ignoring unsupported arg: auto_download {"metadata":{"emulator":{"name":"firestore"},"message":"Ignoring unsupported arg: auto_download"}}
[debug] [2020-12-12T14:23:48.531Z] Starting Firestore Emulator with command {"binary":"java","args":["-Dgoogle.cloud_firestore.debug_log_level=FINE","-Duser.language=en","-jar","/Users/zackjordan/.cache/firebase/emulators/cloud-firestore-emulator-v1.11.11.jar","--host","localhost","--port",8080,"--functions_emulator","localhost:5001"],"optionalArgs":["port","webchannel_port","host","rules","functions_emulator","seed_from_export"],"joinArgs":false} {"metadata":{"emulator":{"name":"firestore"},"message":"Starting Firestore Emulator with command {\"binary\":\"java\",\"args\":[\"-Dgoogle.cloud_firestore.debug_log_level=FINE\",\"-Duser.language=en\",\"-jar\",\"/Users/zackjordan/.cache/firebase/emulators/cloud-firestore-emulator-v1.11.11.jar\",\"--host\",\"localhost\",\"--port\",8080,\"--functions_emulator\",\"localhost:5001\"],\"optionalArgs\":[\"port\",\"webchannel_port\",\"host\",\"rules\",\"functions_emulator\",\"seed_from_export\"],\"joinArgs\":false}"}}
[info] i  firestore: Firestore Emulator logging to firestore-debug.log {"metadata":{"emulator":{"name":"firestore"},"message":"Firestore Emulator logging to \u001b[1mfirestore-debug.log\u001b[22m"}}
[debug] [2020-12-12T14:23:52.028Z] API endpoint: http://localhost {"metadata":{"emulator":{"name":"firestore"},"message":"API endpoint: http://localhost"}}
[debug] [2020-12-12T14:23:52.029Z] :8080
If you are using a library that supports the FIRESTORE_EMULATOR_HOST environment variable, run:

   export FIRESTORE_EMULATOR_HOST=localhost:8080

Dev App Server is now running.

 {"metadata":{"emulator":{"name":"firestore"},"message":":8080\nIf you are using a library that supports the FIRESTORE_EMULATOR_HOST environment variable, run:\n\n   export FIRESTORE_EMULATOR_HOST=localhost:8080\n\nDev App Server is now running.\n\n"}}
[debug] [2020-12-12T14:23:52.085Z] database rules config:  []
[warn] ⚠  database: Did not find a Realtime Database rules file specified in a firebase.json config file. The emulator will default to allowing all reads and writes. Learn more about this option: https://firebase.google.com/docs/emulator-suite/install_and_configure#security_rules_configuration. {"metadata":{"emulator":{"name":"database"},"message":"Did not find a Realtime Database rules file specified in a firebase.json config file. The emulator will default to allowing all reads and writes. Learn more about this option: https://firebase.google.com/docs/emulator-suite/install_and_configure#security_rules_configuration."}}
[debug] [2020-12-12T14:23:52.086Z] Ignoring unsupported arg: projectId {"metadata":{"emulator":{"name":"database"},"message":"Ignoring unsupported arg: projectId"}}
[debug] [2020-12-12T14:23:52.086Z] Ignoring unsupported arg: auto_download {"metadata":{"emulator":{"name":"database"},"message":"Ignoring unsupported arg: auto_download"}}
[debug] [2020-12-12T14:23:52.086Z] Ignoring unsupported arg: rules {"metadata":{"emulator":{"name":"database"},"message":"Ignoring unsupported arg: rules"}}
[debug] [2020-12-12T14:23:52.086Z] Starting Database Emulator with command {"binary":"java","args":["-Duser.language=en","-jar","/Users/zackjordan/.cache/firebase/emulators/firebase-database-emulator-v4.7.1.jar","--host","localhost","--port",9000,"--functions_emulator_host","localhost","--functions_emulator_port",5001],"optionalArgs":["port","host","functions_emulator_port","functions_emulator_host"],"joinArgs":false} {"metadata":{"emulator":{"name":"database"},"message":"Starting Database Emulator with command {\"binary\":\"java\",\"args\":[\"-Duser.language=en\",\"-jar\",\"/Users/zackjordan/.cache/firebase/emulators/firebase-database-emulator-v4.7.1.jar\",\"--host\",\"localhost\",\"--port\",9000,\"--functions_emulator_host\",\"localhost\",\"--functions_emulator_port\",5001],\"optionalArgs\":[\"port\",\"host\",\"functions_emulator_port\",\"functions_emulator_host\"],\"joinArgs\":false}"}}
[info] i  database: Database Emulator logging to database-debug.log {"metadata":{"emulator":{"name":"database"},"message":"Database Emulator logging to \u001b[1mdatabase-debug.log\u001b[22m"}}
[debug] [2020-12-12T14:23:52.701Z] WARNING: An illegal reflective access operation has occurred
WARNING: Illegal reflective access by io.netty.util.internal.ReflectionUtil (file:/Users/zackjordan/.cache/firebase/emulators/firebase-database-emulator-v4.7.1.jar) to field sun.nio.ch.SelectorImpl.selectedKeys
WARNING: Please consider reporting this to the maintainers of io.netty.util.internal.ReflectionUtil
WARNING: Use --illegal-access=warn to enable warnings of further illegal reflective access operations
WARNING: All illegal access operations will be denied in a future release
 {"metadata":{"emulator":{"name":"database"},"message":"WARNING: An illegal reflective access operation has occurred\nWARNING: Illegal reflective access by io.netty.util.internal.ReflectionUtil (file:/Users/zackjordan/.cache/firebase/emulators/firebase-database-emulator-v4.7.1.jar) to field sun.nio.ch.SelectorImpl.selectedKeys\nWARNING: Please consider reporting this to the maintainers of io.netty.util.internal.ReflectionUtil\nWARNING: Use --illegal-access=warn to enable warnings of further illegal reflective access operations\nWARNING: All illegal access operations will be denied in a future release\n"}}
[debug] [2020-12-12T14:23:53.459Z] 08:23:53.458 [NamespaceSystem-akka.actor.default-dispatcher-4] INFO akka.event.slf4j.Slf4jLogger - Slf4jLogger started
 {"metadata":{"emulator":{"name":"database"},"message":"08:23:53.458 [NamespaceSystem-akka.actor.default-dispatcher-4] INFO akka.event.slf4j.Slf4jLogger - Slf4jLogger started\n"}}
[debug] [2020-12-12T14:23:53.643Z] 08:23:53.643 [main] INFO com.firebase.server.forge.App$ - Listening at localhost:9000
 {"metadata":{"emulator":{"name":"database"},"message":"08:23:53.643 [main] INFO com.firebase.server.forge.App$ - Listening at localhost:9000\n"}}
[debug] [2020-12-12T14:23:55.842Z] Ignoring unsupported arg: projectId {"metadata":{"emulator":{"name":"pubsub"},"message":"Ignoring unsupported arg: projectId"}}
[debug] [2020-12-12T14:23:55.842Z] Ignoring unsupported arg: auto_download {"metadata":{"emulator":{"name":"pubsub"},"message":"Ignoring unsupported arg: auto_download"}}
[debug] [2020-12-12T14:23:55.842Z] Starting Pub/Sub Emulator with command {"binary":"/Users/zackjordan/.cache/firebase/emulators/pubsub-emulator-0.1.0/pubsub-emulator/bin/cloud-pubsub-emulator","args":["--host=localhost","--port=8085"],"optionalArgs":["port","host"],"joinArgs":true} {"metadata":{"emulator":{"name":"pubsub"},"message":"Starting Pub/Sub Emulator with command {\"binary\":\"/Users/zackjordan/.cache/firebase/emulators/pubsub-emulator-0.1.0/pubsub-emulator/bin/cloud-pubsub-emulator\",\"args\":[\"--host=localhost\",\"--port=8085\"],\"optionalArgs\":[\"port\",\"host\"],\"joinArgs\":true}"}}
[info] i  pubsub: Pub/Sub Emulator logging to pubsub-debug.log {"metadata":{"emulator":{"name":"pubsub"},"message":"Pub/Sub Emulator logging to \u001b[1mpubsub-debug.log\u001b[22m"}}
[debug] [2020-12-12T14:23:55.983Z] This is the Google Pub/Sub fake.
Implementation may be incomplete or differ from the real system.
 {"metadata":{"emulator":{"name":"pubsub"},"message":"This is the Google Pub/Sub fake.\nImplementation may be incomplete or differ from the real system.\n"}}
[debug] [2020-12-12T14:23:56.015Z] Dec 12, 2020 8:23:55 AM com.google.cloud.pubsub.testing.v1.Main main
INFO: IAM integration is disabled. IAM policy methods and ACL checks are not supported
 {"metadata":{"emulator":{"name":"pubsub"},"message":"Dec 12, 2020 8:23:55 AM com.google.cloud.pubsub.testing.v1.Main main\nINFO: IAM integration is disabled. IAM policy methods and ACL checks are not supported\n"}}
[debug] [2020-12-12T14:23:56.419Z] Dec 12, 2020 8:23:56 AM io.gapi.emulators.netty.NettyUtil applyJava7LongHostnameWorkaround
INFO: Unable to apply Java 7 long hostname workaround.
 {"metadata":{"emulator":{"name":"pubsub"},"message":"Dec 12, 2020 8:23:56 AM io.gapi.emulators.netty.NettyUtil applyJava7LongHostnameWorkaround\nINFO: Unable to apply Java 7 long hostname workaround.\n"}}
[debug] [2020-12-12T14:23:56.510Z] Dec 12, 2020 8:23:56 AM com.google.cloud.pubsub.testing.v1.Main main
INFO: Server started, listening on 8085
 {"metadata":{"emulator":{"name":"pubsub"},"message":"Dec 12, 2020 8:23:56 AM com.google.cloud.pubsub.testing.v1.Main main\nINFO: Server started, listening on 8085\n"}}
[debug] [2020-12-12T14:23:56.614Z] > refreshing access token with scopes: ["email","https://www.googleapis.com/auth/cloud-platform","https://www.googleapis.com/auth/cloudplatformprojects.readonly","https://www.googleapis.com/auth/firebase","openid"]
[debug] [2020-12-12T14:23:56.614Z] >>> HTTP REQUEST POST https://www.googleapis.com/oauth2/v3/token  
 <request body omitted>
[debug] [2020-12-12T14:23:56.709Z] Dec 12, 2020 8:23:56 AM io.gapi.emulators.grpc.GrpcServer$3 operationComplete
INFO: Adding handler(s) to newly registered Channel.
 {"metadata":{"emulator":{"name":"pubsub"},"message":"Dec 12, 2020 8:23:56 AM io.gapi.emulators.grpc.GrpcServer$3 operationComplete\nINFO: Adding handler(s) to newly registered Channel.\n"}}
[debug] [2020-12-12T14:23:57.031Z] <<< HTTP RESPONSE 200 {"cache-control":"no-cache, no-store, max-age=0, must-revalidate","expires":"Mon, 01 Jan 1990 00:00:00 GMT","pragma":"no-cache","date":"Sat, 12 Dec 2020 14:23:57 GMT","content-type":"application/json; charset=utf-8","vary":"X-Origin, Referer, Origin,Accept-Encoding","server":"scaffolding on HTTPServer2","x-xss-protection":"0","x-frame-options":"SAMEORIGIN","x-content-type-options":"nosniff","alt-svc":"h3-29=\":443\"; ma=2592000,h3-T051=\":443\"; ma=2592000,h3-Q050=\":443\"; ma=2592000,h3-Q046=\":443\"; ma=2592000,h3-Q043=\":443\"; ma=2592000,quic=\":443\"; ma=2592000; v=\"46,43\"","accept-ranges":"none","transfer-encoding":"chunked"}
[debug] [2020-12-12T14:23:57.047Z] >>> HTTP REQUEST GET https://firebase.googleapis.com/v1beta1/projects/coach-yard/webApps/-/config  
 
[debug] [2020-12-12T14:23:58.060Z] <<< HTTP RESPONSE 200 {"content-type":"application/json; charset=UTF-8","vary":"X-Origin, Referer, Origin,Accept-Encoding","date":"Sat, 12 Dec 2020 14:23:57 GMT","server":"ESF","cache-control":"private","x-xss-protection":"0","x-frame-options":"SAMEORIGIN","x-content-type-options":"nosniff","alt-svc":"h3-29=\":443\"; ma=2592000,h3-T051=\":443\"; ma=2592000,h3-Q050=\":443\"; ma=2592000,h3-Q046=\":443\"; ma=2592000,h3-Q043=\":443\"; ma=2592000,quic=\":443\"; ma=2592000; v=\"46,43\"","accept-ranges":"none","transfer-encoding":"chunked"}
[info] i  hosting: Serving hosting files from: build {"metadata":{"emulator":{"name":"hosting"},"message":"Serving hosting files from: \u001b[1mbuild\u001b[22m"}}
[info] ✔  hosting: Local server: http://localhost:5000 {"metadata":{"emulator":{"name":"hosting"},"message":"Local server: \u001b[4m\u001b[1mhttp://localhost:5000\u001b[22m\u001b[24m"}}
[warn] ⚠  ui: Emulator UI unable to start on port 4000, starting on 4002 instead. {"metadata":{"emulator":{"name":"ui"},"message":"Emulator UI unable to start on port 4000, starting on 4002 instead."}}
[debug] [2020-12-12T14:23:58.376Z] Ignoring unsupported arg: auto_download {"metadata":{"emulator":{"name":"ui"},"message":"Ignoring unsupported arg: auto_download"}}
[debug] [2020-12-12T14:23:58.376Z] Ignoring unsupported arg: port {"metadata":{"emulator":{"name":"ui"},"message":"Ignoring unsupported arg: port"}}
[debug] [2020-12-12T14:23:58.376Z] Starting Emulator UI with command {"binary":"node","args":["/Users/zackjordan/.cache/firebase/emulators/ui-v1.3.0/server.bundle.js"],"optionalArgs":[],"joinArgs":false} {"metadata":{"emulator":{"name":"ui"},"message":"Starting Emulator UI with command {\"binary\":\"node\",\"args\":[\"/Users/zackjordan/.cache/firebase/emulators/ui-v1.3.0/server.bundle.js\"],\"optionalArgs\":[],\"joinArgs\":false}"}}
[info] i  ui: Emulator UI logging to ui-debug.log {"metadata":{"emulator":{"name":"ui"},"message":"Emulator UI logging to \u001b[1mui-debug.log\u001b[22m"}}
[debug] [2020-12-12T14:23:58.463Z] Web / API server started at http://localhost:4002
 {"metadata":{"emulator":{"name":"ui"},"message":"Web / API server started at http://localhost:4002\n"}}
[info] i  functions: Watching "/Users/zackjordan/Dev/Web/Clients/ZM/coachyard/functions" for Cloud Functions... {"metadata":{"emulator":{"name":"functions"},"message":"Watching \"/Users/zackjordan/Dev/Web/Clients/ZM/coachyard/functions\" for Cloud Functions..."}}
[debug] [2020-12-12T14:23:58.641Z] [worker-pool] addWorker(~diagnostic~) {"metadata":{"emulator":{"name":"functions"},"message":"[worker-pool] addWorker(~diagnostic~)"}}
[debug] [2020-12-12T14:23:58.641Z] [worker-pool] Adding worker with key ~diagnostic~, total=1 {"metadata":{"emulator":{"name":"functions"},"message":"[worker-pool] Adding worker with key ~diagnostic~, total=1"}}
[debug] [2020-12-12T14:23:58.641Z] [worker-pool] submitWork(triggerId=) {"metadata":{"emulator":{"name":"functions"},"message":"[worker-pool] submitWork(triggerId=)"}}
[debug] [2020-12-12T14:23:58.642Z] [worker-~diagnostic~-5c6bce17-13ef-4f5f-a49e-828d75a4624f]: Assigning socketPath: /var/folders/pb/g20wc6_90hs4_ldnx3sz2xd40000gn/T/fire_emu_94345.sock {"metadata":{"emulator":{"name":"functions"},"message":"[worker-~diagnostic~-5c6bce17-13ef-4f5f-a49e-828d75a4624f]: Assigning socketPath: /var/folders/pb/g20wc6_90hs4_ldnx3sz2xd40000gn/T/fire_emu_94345.sock"}}
[debug] [2020-12-12T14:23:58.642Z] [worker-~diagnostic~-5c6bce17-13ef-4f5f-a49e-828d75a4624f]: BUSY {"metadata":{"emulator":{"name":"functions"},"message":"[worker-~diagnostic~-5c6bce17-13ef-4f5f-a49e-828d75a4624f]: BUSY"}}
[debug] [2020-12-12T14:23:58.760Z] [runtime-status] [94345] Functions runtime initialized. {"cwd":"/Users/zackjordan/Dev/Web/Clients/ZM/coachyard/functions","node_version":"12.13.1"} {"metadata":{"emulator":{"name":"functions"},"message":"[runtime-status] [94345] Functions runtime initialized. {\"cwd\":\"/Users/zackjordan/Dev/Web/Clients/ZM/coachyard/functions\",\"node_version\":\"12.13.1\"}"}}
[debug] [2020-12-12T14:23:58.761Z] [runtime-status] [94345] Disabled runtime features: undefined {"metadata":{"emulator":{"name":"functions"},"message":"[runtime-status] [94345] Disabled runtime features: undefined"}}
[debug] [2020-12-12T14:23:58.762Z] [runtime-status] [94345] Resolved module firebase-admin {"declared":true,"installed":true,"version":"8.13.0","resolution":"/Users/zackjordan/Dev/Web/Clients/ZM/coachyard/functions/node_modules/firebase-admin/lib/index.js"} {"metadata":{"emulator":{"name":"functions"},"message":"[runtime-status] [94345] Resolved module firebase-admin {\"declared\":true,\"installed\":true,\"version\":\"8.13.0\",\"resolution\":\"/Users/zackjordan/Dev/Web/Clients/ZM/coachyard/functions/node_modules/firebase-admin/lib/index.js\"}"}}
[debug] [2020-12-12T14:23:58.764Z] [runtime-status] [94345] Resolved module firebase-functions {"declared":true,"installed":true,"version":"3.11.0","resolution":"/Users/zackjordan/Dev/Web/Clients/ZM/coachyard/functions/node_modules/firebase-functions/lib/index.js"} {"metadata":{"emulator":{"name":"functions"},"message":"[runtime-status] [94345] Resolved module firebase-functions {\"declared\":true,\"installed\":true,\"version\":\"3.11.0\",\"resolution\":\"/Users/zackjordan/Dev/Web/Clients/ZM/coachyard/functions/node_modules/firebase-functions/lib/index.js\"}"}}
[debug] [2020-12-12T14:23:58.764Z] [runtime-status] [94345] Resolved module firebase-functions {"declared":true,"installed":true,"version":"3.11.0","resolution":"/Users/zackjordan/Dev/Web/Clients/ZM/coachyard/functions/node_modules/firebase-functions/lib/index.js"} {"metadata":{"emulator":{"name":"functions"},"message":"[runtime-status] [94345] Resolved module firebase-functions {\"declared\":true,\"installed\":true,\"version\":\"3.11.0\",\"resolution\":\"/Users/zackjordan/Dev/Web/Clients/ZM/coachyard/functions/node_modules/firebase-functions/lib/index.js\"}"}}
[debug] [2020-12-12T14:23:58.764Z] [runtime-status] [94345] Set PUBSUB_EMULATOR_HOST to localhost:8085 {"metadata":{"emulator":{"name":"functions"},"message":"[runtime-status] [94345] Set PUBSUB_EMULATOR_HOST to localhost:8085"}}
[debug] [2020-12-12T14:23:58.765Z] [runtime-status] [94345] Outgoing network have been stubbed. [{"name":"http","status":"mocked"},{"name":"http","status":"mocked"},{"name":"https","status":"mocked"},{"name":"https","status":"mocked"},{"name":"net","status":"mocked"}] {"metadata":{"emulator":{"name":"functions"},"message":"[runtime-status] [94345] Outgoing network have been stubbed. [{\"name\":\"http\",\"status\":\"mocked\"},{\"name\":\"http\",\"status\":\"mocked\"},{\"name\":\"https\",\"status\":\"mocked\"},{\"name\":\"https\",\"status\":\"mocked\"},{\"name\":\"net\",\"status\":\"mocked\"}]"}}
[debug] [2020-12-12T14:23:58.766Z] [runtime-status] [94345] Resolved module firebase-functions {"declared":true,"installed":true,"version":"3.11.0","resolution":"/Users/zackjordan/Dev/Web/Clients/ZM/coachyard/functions/node_modules/firebase-functions/lib/index.js"} {"metadata":{"emulator":{"name":"functions"},"message":"[runtime-status] [94345] Resolved module firebase-functions {\"declared\":true,\"installed\":true,\"version\":\"3.11.0\",\"resolution\":\"/Users/zackjordan/Dev/Web/Clients/ZM/coachyard/functions/node_modules/firebase-functions/lib/index.js\"}"}}
[debug] [2020-12-12T14:23:58.790Z] [runtime-status] [94345] Checked functions.config() {"config":{}} {"metadata":{"emulator":{"name":"functions"},"message":"[runtime-status] [94345] Checked functions.config() {\"config\":{}}"}}
[debug] [2020-12-12T14:23:58.791Z] [runtime-status] [94345] firebase-functions has been stubbed. {"functionsResolution":{"declared":true,"installed":true,"version":"3.11.0","resolution":"/Users/zackjordan/Dev/Web/Clients/ZM/coachyard/functions/node_modules/firebase-functions/lib/index.js"}} {"metadata":{"emulator":{"name":"functions"},"message":"[runtime-status] [94345] firebase-functions has been stubbed. {\"functionsResolution\":{\"declared\":true,\"installed\":true,\"version\":\"3.11.0\",\"resolution\":\"/Users/zackjordan/Dev/Web/Clients/ZM/coachyard/functions/node_modules/firebase-functions/lib/index.js\"}}"}}
[debug] [2020-12-12T14:23:58.791Z] [runtime-status] [94345] Resolved module firebase-functions {"declared":true,"installed":true,"version":"3.11.0","resolution":"/Users/zackjordan/Dev/Web/Clients/ZM/coachyard/functions/node_modules/firebase-functions/lib/index.js"} {"metadata":{"emulator":{"name":"functions"},"message":"[runtime-status] [94345] Resolved module firebase-functions {\"declared\":true,\"installed\":true,\"version\":\"3.11.0\",\"resolution\":\"/Users/zackjordan/Dev/Web/Clients/ZM/coachyard/functions/node_modules/firebase-functions/lib/index.js\"}"}}
[debug] [2020-12-12T14:23:58.791Z] [runtime-status] [94345] Resolved module firebase-admin {"declared":true,"installed":true,"version":"8.13.0","resolution":"/Users/zackjordan/Dev/Web/Clients/ZM/coachyard/functions/node_modules/firebase-admin/lib/index.js"} {"metadata":{"emulator":{"name":"functions"},"message":"[runtime-status] [94345] Resolved module firebase-admin {\"declared\":true,\"installed\":true,\"version\":\"8.13.0\",\"resolution\":\"/Users/zackjordan/Dev/Web/Clients/ZM/coachyard/functions/node_modules/firebase-admin/lib/index.js\"}"}}
[debug] [2020-12-12T14:23:58.792Z] [runtime-status] [94345] Resolved module firebase-functions {"declared":true,"installed":true,"version":"3.11.0","resolution":"/Users/zackjordan/Dev/Web/Clients/ZM/coachyard/functions/node_modules/firebase-functions/lib/index.js"} {"metadata":{"emulator":{"name":"functions"},"message":"[runtime-status] [94345] Resolved module firebase-functions {\"declared\":true,\"installed\":true,\"version\":\"3.11.0\",\"resolution\":\"/Users/zackjordan/Dev/Web/Clients/ZM/coachyard/functions/node_modules/firebase-functions/lib/index.js\"}"}}
[debug] [2020-12-12T14:23:58.792Z] [runtime-status] [94345] firebase-admin has been stubbed. {"adminResolution":{"declared":true,"installed":true,"version":"8.13.0","resolution":"/Users/zackjordan/Dev/Web/Clients/ZM/coachyard/functions/node_modules/firebase-admin/lib/index.js"}} {"metadata":{"emulator":{"name":"functions"},"message":"[runtime-status] [94345] firebase-admin has been stubbed. {\"adminResolution\":{\"declared\":true,\"installed\":true,\"version\":\"8.13.0\",\"resolution\":\"/Users/zackjordan/Dev/Web/Clients/ZM/coachyard/functions/node_modules/firebase-admin/lib/index.js\"}}"}}
[debug] [2020-12-12T14:23:58.874Z] [runtime-status] [94345] initializeApp(DEFAULT) {"credential":{"implicit":false,"projectId":"coach-yard","privateKey":"-----BEGIN PRIVATE KEY-----\nMIIEvgIBADANBgkqhkiG9w0BAQEFAASCBKgwggSkAgEAAoIBAQDHDivi4mcLVVq3\nzpkXjtfucFbLvzp6AReNqTqcrRh01e7hvssL+FmWXGRKJKDxvyegjVDWlBoiDxSD\nw1aZPjTauYuicDVxuU+WZNkLGIG2HYjNR+HHpKgbD4ZCzvsh3ohO1iijMf4PwWQk\nxZRHcy999bOpewXp5+Vh1/SR7pXjy9KZT1ulWKNhF40VYOVu6pa+3Qiz086QG2D/\n6fXHCAKu5ngg931sokWNQnHiFbB7ZHbYfiX+Qcc6tPZFHxHauEn3cFRgV15c5uY/\njnSPIHkf54D5NB7E6beM++2qZKS6NkQP4eX4hF5mbHsZLpLY0Mn7NraL1F+1szqH\nU7+3uuBVAgMBAAECggEAHwu1SZIxKyHZX9CfrP5w7DXmO6nsJ2ozL7uEsjoHFfXl\n55yX05qc8mgfljbHSV0cg5x2zrjTqJs8gl59i7IZkUGeJywkEcQqxxSci2/7jxll\nJEtBSh+CvpG5yYK5xWsNTGp3dRiPfQqXIWsVeN1cu2MObfELl5M9AfkqInaZNylk\nrutFYlgZlg/B4QjwGtptzkiHVBqCWsgrFsKhygqN+Cqa52pBFgfXrICso9Aw6atc\nsJii70KZmT8i20HZv104RyjVeHTcL/Bp5hrCOzLa1CmePk4RH3AsWOk0HieWQlky\ni+yzZ3wEAJJWEyMpdXF2rkyvppGcna1yjBV8qxZrIwKBgQD7ouvEojUsVKhZWoou\nWlSs9pBopPXCs55jhachAkuw4rr/6zYVZ7hNDsq31chZ7WAbXqRvoygRtLD29CBo\nqfmil1rKzSVB3VuJnPpHbmw+3Zzt14a3ej5JtdTIEm3cPTJyd5GLRbRaS8v0OD9j\noU6HB7Zjof0gVxCvCV3hX7oPZwKBgQDKgdRfomOexCuU1eExboJ8lG9MLaCC3ndb\nsxiA4Aa9v+IcOxYPKf7HNXbvK1mUXrMdM7cvylNURtIRKe54EkDCo93FWcikZhVX\nFkvjJSjwD90xJNmvbzQH/ei+8v+Tgbl5e5SumG3tORYMS5vOcHnn5ICjYJ+0f8F1\nJqB1OhwI4wKBgQDa/vNJchHsvtC00wMnTB4dWYhcShRImqHh41OMer789pXgXAf5\noQbYqWLrkvaGrPvTVg6tycT5g9PvWI9MB4HmaurtTJR8OfWMUj3PJN63547Hv6bS\nz2SeKc1BQiiyX+AjlsPn/YX0f7rElJ82ShBZm/CzzSrKlntCmlhF6FW5SQKBgQC2\nM/Y3Tc7ATNTBh2akqT+yg4NYUT04Qp213gBQBEFMfNcee3MvlaNs7YfjTWe9/S6/\nOYa68xninA3p74ZmdlXaSsIBDPVgJZFR1/fTmd2pkTx9OSC7nhx8jFHbbJvTxkZx\nLWXraa6OYGycB3NaXQzyPkAXv5oyNziDBYwdrXkH7QKBgGPeodPVkuczMPo7aih0\n3SyRiNk5LpL1jY8O1d8ufdeDqQRKm2TdZ7hellWyPnXUxaCbMElsagr1kCvDvUjt\nVx9pl1xWUevCa1/0p/Xcbo/Z28ZEXotKz+9hslUtGBQu4t04YFktLnWvfysGDFFh\n8cR4fXGQdsf84dm3QK0qDVLV\n-----END PRIVATE KEY-----\n","clientEmail":"firebase-adminsdk-37rou@coach-yard.iam.gserviceaccount.com","httpClient":{"retry":{"maxRetries":4,"statusCodes":[503],"ioErrorCodes":["ECONNRESET","ETIMEDOUT"],"backOffFactor":0.5,"maxDelayInMillis":60000}}},"databaseURL":"https://coach-yard.firebaseio.com","storageBucket":"coach-yard.appspot.com"} {"metadata":{"emulator":{"name":"functions"},"message":"[runtime-status] [94345] initializeApp(DEFAULT) {\"credential\":{\"implicit\":false,\"projectId\":\"coach-yard\",\"privateKey\":\"-----BEGIN PRIVATE KEY-----\\nMIIEvgIBADANBgkqhkiG9w0BAQEFAASCBKgwggSkAgEAAoIBAQDHDivi4mcLVVq3\\nzpkXjtfucFbLvzp6AReNqTqcrRh01e7hvssL+FmWXGRKJKDxvyegjVDWlBoiDxSD\\nw1aZPjTauYuicDVxuU+WZNkLGIG2HYjNR+HHpKgbD4ZCzvsh3ohO1iijMf4PwWQk\\nxZRHcy999bOpewXp5+Vh1/SR7pXjy9KZT1ulWKNhF40VYOVu6pa+3Qiz086QG2D/\\n6fXHCAKu5ngg931sokWNQnHiFbB7ZHbYfiX+Qcc6tPZFHxHauEn3cFRgV15c5uY/\\njnSPIHkf54D5NB7E6beM++2qZKS6NkQP4eX4hF5mbHsZLpLY0Mn7NraL1F+1szqH\\nU7+3uuBVAgMBAAECggEAHwu1SZIxKyHZX9CfrP5w7DXmO6nsJ2ozL7uEsjoHFfXl\\n55yX05qc8mgfljbHSV0cg5x2zrjTqJs8gl59i7IZkUGeJywkEcQqxxSci2/7jxll\\nJEtBSh+CvpG5yYK5xWsNTGp3dRiPfQqXIWsVeN1cu2MObfELl5M9AfkqInaZNylk\\nrutFYlgZlg/B4QjwGtptzkiHVBqCWsgrFsKhygqN+Cqa52pBFgfXrICso9Aw6atc\\nsJii70KZmT8i20HZv104RyjVeHTcL/Bp5hrCOzLa1CmePk4RH3AsWOk0HieWQlky\\ni+yzZ3wEAJJWEyMpdXF2rkyvppGcna1yjBV8qxZrIwKBgQD7ouvEojUsVKhZWoou\\nWlSs9pBopPXCs55jhachAkuw4rr/6zYVZ7hNDsq31chZ7WAbXqRvoygRtLD29CBo\\nqfmil1rKzSVB3VuJnPpHbmw+3Zzt14a3ej5JtdTIEm3cPTJyd5GLRbRaS8v0OD9j\\noU6HB7Zjof0gVxCvCV3hX7oPZwKBgQDKgdRfomOexCuU1eExboJ8lG9MLaCC3ndb\\nsxiA4Aa9v+IcOxYPKf7HNXbvK1mUXrMdM7cvylNURtIRKe54EkDCo93FWcikZhVX\\nFkvjJSjwD90xJNmvbzQH/ei+8v+Tgbl5e5SumG3tORYMS5vOcHnn5ICjYJ+0f8F1\\nJqB1OhwI4wKBgQDa/vNJchHsvtC00wMnTB4dWYhcShRImqHh41OMer789pXgXAf5\\noQbYqWLrkvaGrPvTVg6tycT5g9PvWI9MB4HmaurtTJR8OfWMUj3PJN63547Hv6bS\\nz2SeKc1BQiiyX+AjlsPn/YX0f7rElJ82ShBZm/CzzSrKlntCmlhF6FW5SQKBgQC2\\nM/Y3Tc7ATNTBh2akqT+yg4NYUT04Qp213gBQBEFMfNcee3MvlaNs7YfjTWe9/S6/\\nOYa68xninA3p74ZmdlXaSsIBDPVgJZFR1/fTmd2pkTx9OSC7nhx8jFHbbJvTxkZx\\nLWXraa6OYGycB3NaXQzyPkAXv5oyNziDBYwdrXkH7QKBgGPeodPVkuczMPo7aih0\\n3SyRiNk5LpL1jY8O1d8ufdeDqQRKm2TdZ7hellWyPnXUxaCbMElsagr1kCvDvUjt\\nVx9pl1xWUevCa1/0p/Xcbo/Z28ZEXotKz+9hslUtGBQu4t04YFktLnWvfysGDFFh\\n8cR4fXGQdsf84dm3QK0qDVLV\\n-----END PRIVATE KEY-----\\n\",\"clientEmail\":\"firebase-adminsdk-37rou@coach-yard.iam.gserviceaccount.com\",\"httpClient\":{\"retry\":{\"maxRetries\":4,\"statusCodes\":[503],\"ioErrorCodes\":[\"ECONNRESET\",\"ETIMEDOUT\"],\"backOffFactor\":0.5,\"maxDelayInMillis\":60000}}},\"databaseURL\":\"https://coach-yard.firebaseio.com\",\"storageBucket\":\"coach-yard.appspot.com\"}"}}
[warn] ⚠  functions: The Firebase Authentication emulator is running, but your 'firebase-admin' dependency is below version 9.3.0, so calls to Firebase Authentication will affect production. {"metadata":{"emulator":{"name":"functions"},"message":"The Firebase Authentication emulator is running, but your 'firebase-admin' dependency is below version 9.3.0, so calls to Firebase Authentication will affect production."}}
[debug] [2020-12-12T14:23:58.893Z] [runtime-status] [94345] auth.setJwtVerificationEnabled not available {"metadata":{"emulator":{"name":"functions"},"message":"[runtime-status] [94345] auth.setJwtVerificationEnabled not available"}}
[info] ✔  functions[rooms]: http function initialized (http://localhost:5001/coach-yard/us-central1/rooms). {"metadata":{"emulator":{"name":"functions"},"message":"\u001b[1mhttp\u001b[22m function initialized (http://localhost:5001/coach-yard/us-central1/rooms)."}}
[info] ✔  functions[roomsFE]: http function initialized (http://localhost:5001/coach-yard/us-central1/roomsFE). {"metadata":{"emulator":{"name":"functions"},"message":"\u001b[1mhttp\u001b[22m function initialized (http://localhost:5001/coach-yard/us-central1/roomsFE)."}}
[info] ✔  functions[recordingsFE]: http function initialized (http://localhost:5001/coach-yard/us-central1/recordingsFE). {"metadata":{"emulator":{"name":"functions"},"message":"\u001b[1mhttp\u001b[22m function initialized (http://localhost:5001/coach-yard/us-central1/recordingsFE)."}}
[info] ✔  functions[assetsFE]: http function initialized (http://localhost:5001/coach-yard/us-central1/assetsFE). {"metadata":{"emulator":{"name":"functions"},"message":"\u001b[1mhttp\u001b[22m function initialized (http://localhost:5001/coach-yard/us-central1/assetsFE)."}}
[info] ✔  functions[processVideo]: http function initialized (http://localhost:5001/coach-yard/us-central1/processVideo). {"metadata":{"emulator":{"name":"functions"},"message":"\u001b[1mhttp\u001b[22m function initialized (http://localhost:5001/coach-yard/us-central1/processVideo)."}}
[info] ✔  functions[compositesFE]: http function initialized (http://localhost:5001/coach-yard/us-central1/compositesFE). {"metadata":{"emulator":{"name":"functions"},"message":"\u001b[1mhttp\u001b[22m function initialized (http://localhost:5001/coach-yard/us-central1/compositesFE)."}}
[info] ✔  functions[createCompositeFE]: http function initialized (http://localhost:5001/coach-yard/us-central1/createCompositeFE). {"metadata":{"emulator":{"name":"functions"},"message":"\u001b[1mhttp\u001b[22m function initialized (http://localhost:5001/coach-yard/us-central1/createCompositeFE)."}}
[info] ✔  functions[video]: http function initialized (http://localhost:5001/coach-yard/us-central1/video). {"metadata":{"emulator":{"name":"functions"},"message":"\u001b[1mhttp\u001b[22m function initialized (http://localhost:5001/coach-yard/us-central1/video)."}}
[info] ✔  functions[videoFE]: http function initialized (http://localhost:5001/coach-yard/us-central1/videoFE). {"metadata":{"emulator":{"name":"functions"},"message":"\u001b[1mhttp\u001b[22m function initialized (http://localhost:5001/coach-yard/us-central1/videoFE)."}}
[info] ✔  functions[setPrivilege]: http function initialized (http://localhost:5001/coach-yard/us-central1/setPrivilege). {"metadata":{"emulator":{"name":"functions"},"message":"\u001b[1mhttp\u001b[22m function initialized (http://localhost:5001/coach-yard/us-central1/setPrivilege)."}}
[info] ✔  functions[addPrivilege]: http function initialized (http://localhost:5001/coach-yard/us-central1/addPrivilege). {"metadata":{"emulator":{"name":"functions"},"message":"\u001b[1mhttp\u001b[22m function initialized (http://localhost:5001/coach-yard/us-central1/addPrivilege)."}}
[info] ✔  functions[initDatabase]: http function initialized (http://localhost:5001/coach-yard/us-central1/initDatabase). {"metadata":{"emulator":{"name":"functions"},"message":"\u001b[1mhttp\u001b[22m function initialized (http://localhost:5001/coach-yard/us-central1/initDatabase)."}}
[info] ✔  functions[createCourse]: http function initialized (http://localhost:5001/coach-yard/us-central1/createCourse). {"metadata":{"emulator":{"name":"functions"},"message":"\u001b[1mhttp\u001b[22m function initialized (http://localhost:5001/coach-yard/us-central1/createCourse)."}}
[info] ✔  functions[getCourse]: http function initialized (http://localhost:5001/coach-yard/us-central1/getCourse). {"metadata":{"emulator":{"name":"functions"},"message":"\u001b[1mhttp\u001b[22m function initialized (http://localhost:5001/coach-yard/us-central1/getCourse)."}}
[info] ✔  functions[deleteCourse]: http function initialized (http://localhost:5001/coach-yard/us-central1/deleteCourse). {"metadata":{"emulator":{"name":"functions"},"message":"\u001b[1mhttp\u001b[22m function initialized (http://localhost:5001/coach-yard/us-central1/deleteCourse)."}}
[info] ✔  functions[updateCourse]: http function initialized (http://localhost:5001/coach-yard/us-central1/updateCourse). {"metadata":{"emulator":{"name":"functions"},"message":"\u001b[1mhttp\u001b[22m function initialized (http://localhost:5001/coach-yard/us-central1/updateCourse)."}}
[info] ✔  functions[getAllCourses]: http function initialized (http://localhost:5001/coach-yard/us-central1/getAllCourses). {"metadata":{"emulator":{"name":"functions"},"message":"\u001b[1mhttp\u001b[22m function initialized (http://localhost:5001/coach-yard/us-central1/getAllCourses)."}}
[info] 
┌────────────────────────────────────────────────────────────────┐
│ ✔  All emulators ready! View status and logs at localhost:4002 │
└────────────────────────────────────────────────────────────────┘

┌────────────────┬────────────────┬──────────────────────────┐
│ Emulator       │ Host:Port      │ View in Emulator UI      │
├────────────────┼────────────────┼──────────────────────────┤
│ Authentication │ localhost:9099 │ localhost:4002/auth      │
├────────────────┼────────────────┼──────────────────────────┤
│ Functions      │ localhost:5001 │ localhost:4002/functions │
├────────────────┼────────────────┼──────────────────────────┤
│ Firestore      │ localhost:8080 │ localhost:4002/firestore │
├────────────────┼────────────────┼──────────────────────────┤
│ Database       │ localhost:9000 │ localhost:4002/database  │
├────────────────┼────────────────┼──────────────────────────┤
│ Hosting        │ localhost:5000 │ n/a                      │
├────────────────┼────────────────┼──────────────────────────┤
│ Pub/Sub        │ localhost:8085 │ n/a                      │
└────────────────┴────────────────┴──────────────────────────┘
  Other reserved ports: 4400, 4500

Issues? Report them at https://github.com/firebase/firebase-tools/issues and attach the *-debug.log files.
 
[debug] [2020-12-12T14:23:58.901Z] [worker-~diagnostic~-5c6bce17-13ef-4f5f-a49e-828d75a4624f]: IDLE {"metadata":{"emulator":{"name":"functions"},"message":"[worker-~diagnostic~-5c6bce17-13ef-4f5f-a49e-828d75a4624f]: IDLE"}}
[debug] [2020-12-12T14:26:04.226Z] File /Users/zackjordan/Dev/Web/Clients/ZM/coachyard/functions/users/index.js changed, reloading triggers {"metadata":{"emulator":{"name":"functions"},"message":"File /Users/zackjordan/Dev/Web/Clients/ZM/coachyard/functions/users/index.js changed, reloading triggers"}}
[debug] [2020-12-12T14:26:05.231Z] [worker-pool] Shutting down IDLE worker (~diagnostic~) {"metadata":{"emulator":{"name":"functions"},"message":"[worker-pool] Shutting down IDLE worker (~diagnostic~)"}}
[debug] [2020-12-12T14:26:05.231Z] [worker-~diagnostic~-5c6bce17-13ef-4f5f-a49e-828d75a4624f]: FINISHING {"metadata":{"emulator":{"name":"functions"},"message":"[worker-~diagnostic~-5c6bce17-13ef-4f5f-a49e-828d75a4624f]: FINISHING"}}
[debug] [2020-12-12T14:26:05.236Z] [worker-pool] addWorker(~diagnostic~) {"metadata":{"emulator":{"name":"functions"},"message":"[worker-pool] addWorker(~diagnostic~)"}}
[debug] [2020-12-12T14:26:05.236Z] [worker-pool] Adding worker with key ~diagnostic~, total=2 {"metadata":{"emulator":{"name":"functions"},"message":"[worker-pool] Adding worker with key ~diagnostic~, total=2"}}
[debug] [2020-12-12T14:26:05.236Z] [worker-pool] submitWork(triggerId=) {"metadata":{"emulator":{"name":"functions"},"message":"[worker-pool] submitWork(triggerId=)"}}
[debug] [2020-12-12T14:26:05.236Z] [worker-~diagnostic~-c8206d84-7e6d-49d7-93e4-a704ded2d9f1]: Assigning socketPath: /var/folders/pb/g20wc6_90hs4_ldnx3sz2xd40000gn/T/fire_emu_94411.sock {"metadata":{"emulator":{"name":"functions"},"message":"[worker-~diagnostic~-c8206d84-7e6d-49d7-93e4-a704ded2d9f1]: Assigning socketPath: /var/folders/pb/g20wc6_90hs4_ldnx3sz2xd40000gn/T/fire_emu_94411.sock"}}
[debug] [2020-12-12T14:26:05.236Z] [worker-~diagnostic~-c8206d84-7e6d-49d7-93e4-a704ded2d9f1]: BUSY {"metadata":{"emulator":{"name":"functions"},"message":"[worker-~diagnostic~-c8206d84-7e6d-49d7-93e4-a704ded2d9f1]: BUSY"}}
[debug] [2020-12-12T14:26:05.237Z] [worker-~diagnostic~-5c6bce17-13ef-4f5f-a49e-828d75a4624f]: exited {"metadata":{"emulator":{"name":"functions"},"message":"[worker-~diagnostic~-5c6bce17-13ef-4f5f-a49e-828d75a4624f]: exited"}}
[debug] [2020-12-12T14:26:05.238Z] [worker-~diagnostic~-5c6bce17-13ef-4f5f-a49e-828d75a4624f]: FINISHED {"metadata":{"emulator":{"name":"functions"},"message":"[worker-~diagnostic~-5c6bce17-13ef-4f5f-a49e-828d75a4624f]: FINISHED"}}
[debug] [2020-12-12T14:26:05.358Z] [runtime-status] [94411] Functions runtime initialized. {"cwd":"/Users/zackjordan/Dev/Web/Clients/ZM/coachyard/functions","node_version":"12.13.1"} {"metadata":{"emulator":{"name":"functions"},"message":"[runtime-status] [94411] Functions runtime initialized. {\"cwd\":\"/Users/zackjordan/Dev/Web/Clients/ZM/coachyard/functions\",\"node_version\":\"12.13.1\"}"}}
[debug] [2020-12-12T14:26:05.359Z] [runtime-status] [94411] Disabled runtime features: undefined {"metadata":{"emulator":{"name":"functions"},"message":"[runtime-status] [94411] Disabled runtime features: undefined"}}
[debug] [2020-12-12T14:26:05.361Z] [runtime-status] [94411] Resolved module firebase-admin {"declared":true,"installed":true,"version":"8.13.0","resolution":"/Users/zackjordan/Dev/Web/Clients/ZM/coachyard/functions/node_modules/firebase-admin/lib/index.js"} {"metadata":{"emulator":{"name":"functions"},"message":"[runtime-status] [94411] Resolved module firebase-admin {\"declared\":true,\"installed\":true,\"version\":\"8.13.0\",\"resolution\":\"/Users/zackjordan/Dev/Web/Clients/ZM/coachyard/functions/node_modules/firebase-admin/lib/index.js\"}"}}
[debug] [2020-12-12T14:26:05.363Z] [runtime-status] [94411] Resolved module firebase-functions {"declared":true,"installed":true,"version":"3.11.0","resolution":"/Users/zackjordan/Dev/Web/Clients/ZM/coachyard/functions/node_modules/firebase-functions/lib/index.js"} {"metadata":{"emulator":{"name":"functions"},"message":"[runtime-status] [94411] Resolved module firebase-functions {\"declared\":true,\"installed\":true,\"version\":\"3.11.0\",\"resolution\":\"/Users/zackjordan/Dev/Web/Clients/ZM/coachyard/functions/node_modules/firebase-functions/lib/index.js\"}"}}
[debug] [2020-12-12T14:26:05.363Z] [runtime-status] [94411] Resolved module firebase-functions {"declared":true,"installed":true,"version":"3.11.0","resolution":"/Users/zackjordan/Dev/Web/Clients/ZM/coachyard/functions/node_modules/firebase-functions/lib/index.js"} {"metadata":{"emulator":{"name":"functions"},"message":"[runtime-status] [94411] Resolved module firebase-functions {\"declared\":true,\"installed\":true,\"version\":\"3.11.0\",\"resolution\":\"/Users/zackjordan/Dev/Web/Clients/ZM/coachyard/functions/node_modules/firebase-functions/lib/index.js\"}"}}
[debug] [2020-12-12T14:26:05.363Z] [runtime-status] [94411] Set PUBSUB_EMULATOR_HOST to localhost:8085 {"metadata":{"emulator":{"name":"functions"},"message":"[runtime-status] [94411] Set PUBSUB_EMULATOR_HOST to localhost:8085"}}
[debug] [2020-12-12T14:26:05.364Z] [runtime-status] [94411] Outgoing network have been stubbed. [{"name":"http","status":"mocked"},{"name":"http","status":"mocked"},{"name":"https","status":"mocked"},{"name":"https","status":"mocked"},{"name":"net","status":"mocked"}] {"metadata":{"emulator":{"name":"functions"},"message":"[runtime-status] [94411] Outgoing network have been stubbed. [{\"name\":\"http\",\"status\":\"mocked\"},{\"name\":\"http\",\"status\":\"mocked\"},{\"name\":\"https\",\"status\":\"mocked\"},{\"name\":\"https\",\"status\":\"mocked\"},{\"name\":\"net\",\"status\":\"mocked\"}]"}}
[debug] [2020-12-12T14:26:05.365Z] [runtime-status] [94411] Resolved module firebase-functions {"declared":true,"installed":true,"version":"3.11.0","resolution":"/Users/zackjordan/Dev/Web/Clients/ZM/coachyard/functions/node_modules/firebase-functions/lib/index.js"} {"metadata":{"emulator":{"name":"functions"},"message":"[runtime-status] [94411] Resolved module firebase-functions {\"declared\":true,\"installed\":true,\"version\":\"3.11.0\",\"resolution\":\"/Users/zackjordan/Dev/Web/Clients/ZM/coachyard/functions/node_modules/firebase-functions/lib/index.js\"}"}}
[debug] [2020-12-12T14:26:05.390Z] [runtime-status] [94411] Checked functions.config() {"config":{}} {"metadata":{"emulator":{"name":"functions"},"message":"[runtime-status] [94411] Checked functions.config() {\"config\":{}}"}}
[debug] [2020-12-12T14:26:05.390Z] [runtime-status] [94411] firebase-functions has been stubbed. {"functionsResolution":{"declared":true,"installed":true,"version":"3.11.0","resolution":"/Users/zackjordan/Dev/Web/Clients/ZM/coachyard/functions/node_modules/firebase-functions/lib/index.js"}} {"metadata":{"emulator":{"name":"functions"},"message":"[runtime-status] [94411] firebase-functions has been stubbed. {\"functionsResolution\":{\"declared\":true,\"installed\":true,\"version\":\"3.11.0\",\"resolution\":\"/Users/zackjordan/Dev/Web/Clients/ZM/coachyard/functions/node_modules/firebase-functions/lib/index.js\"}}"}}
[debug] [2020-12-12T14:26:05.390Z] [runtime-status] [94411] Resolved module firebase-functions {"declared":true,"installed":true,"version":"3.11.0","resolution":"/Users/zackjordan/Dev/Web/Clients/ZM/coachyard/functions/node_modules/firebase-functions/lib/index.js"} {"metadata":{"emulator":{"name":"functions"},"message":"[runtime-status] [94411] Resolved module firebase-functions {\"declared\":true,\"installed\":true,\"version\":\"3.11.0\",\"resolution\":\"/Users/zackjordan/Dev/Web/Clients/ZM/coachyard/functions/node_modules/firebase-functions/lib/index.js\"}"}}
[debug] [2020-12-12T14:26:05.391Z] [runtime-status] [94411] Resolved module firebase-admin {"declared":true,"installed":true,"version":"8.13.0","resolution":"/Users/zackjordan/Dev/Web/Clients/ZM/coachyard/functions/node_modules/firebase-admin/lib/index.js"} {"metadata":{"emulator":{"name":"functions"},"message":"[runtime-status] [94411] Resolved module firebase-admin {\"declared\":true,\"installed\":true,\"version\":\"8.13.0\",\"resolution\":\"/Users/zackjordan/Dev/Web/Clients/ZM/coachyard/functions/node_modules/firebase-admin/lib/index.js\"}"}}
[debug] [2020-12-12T14:26:05.391Z] [runtime-status] [94411] Resolved module firebase-functions {"declared":true,"installed":true,"version":"3.11.0","resolution":"/Users/zackjordan/Dev/Web/Clients/ZM/coachyard/functions/node_modules/firebase-functions/lib/index.js"} {"metadata":{"emulator":{"name":"functions"},"message":"[runtime-status] [94411] Resolved module firebase-functions {\"declared\":true,\"installed\":true,\"version\":\"3.11.0\",\"resolution\":\"/Users/zackjordan/Dev/Web/Clients/ZM/coachyard/functions/node_modules/firebase-functions/lib/index.js\"}"}}
[debug] [2020-12-12T14:26:05.391Z] [runtime-status] [94411] firebase-admin has been stubbed. {"adminResolution":{"declared":true,"installed":true,"version":"8.13.0","resolution":"/Users/zackjordan/Dev/Web/Clients/ZM/coachyard/functions/node_modules/firebase-admin/lib/index.js"}} {"metadata":{"emulator":{"name":"functions"},"message":"[runtime-status] [94411] firebase-admin has been stubbed. {\"adminResolution\":{\"declared\":true,\"installed\":true,\"version\":\"8.13.0\",\"resolution\":\"/Users/zackjordan/Dev/Web/Clients/ZM/coachyard/functions/node_modules/firebase-admin/lib/index.js\"}}"}}
[debug] [2020-12-12T14:26:05.477Z] [runtime-status] [94411] initializeApp(DEFAULT) {"credential":{"implicit":false,"projectId":"coach-yard","privateKey":"-----BEGIN PRIVATE KEY-----\nMIIEvgIBADANBgkqhkiG9w0BAQEFAASCBKgwggSkAgEAAoIBAQDHDivi4mcLVVq3\nzpkXjtfucFbLvzp6AReNqTqcrRh01e7hvssL+FmWXGRKJKDxvyegjVDWlBoiDxSD\nw1aZPjTauYuicDVxuU+WZNkLGIG2HYjNR+HHpKgbD4ZCzvsh3ohO1iijMf4PwWQk\nxZRHcy999bOpewXp5+Vh1/SR7pXjy9KZT1ulWKNhF40VYOVu6pa+3Qiz086QG2D/\n6fXHCAKu5ngg931sokWNQnHiFbB7ZHbYfiX+Qcc6tPZFHxHauEn3cFRgV15c5uY/\njnSPIHkf54D5NB7E6beM++2qZKS6NkQP4eX4hF5mbHsZLpLY0Mn7NraL1F+1szqH\nU7+3uuBVAgMBAAECggEAHwu1SZIxKyHZX9CfrP5w7DXmO6nsJ2ozL7uEsjoHFfXl\n55yX05qc8mgfljbHSV0cg5x2zrjTqJs8gl59i7IZkUGeJywkEcQqxxSci2/7jxll\nJEtBSh+CvpG5yYK5xWsNTGp3dRiPfQqXIWsVeN1cu2MObfELl5M9AfkqInaZNylk\nrutFYlgZlg/B4QjwGtptzkiHVBqCWsgrFsKhygqN+Cqa52pBFgfXrICso9Aw6atc\nsJii70KZmT8i20HZv104RyjVeHTcL/Bp5hrCOzLa1CmePk4RH3AsWOk0HieWQlky\ni+yzZ3wEAJJWEyMpdXF2rkyvppGcna1yjBV8qxZrIwKBgQD7ouvEojUsVKhZWoou\nWlSs9pBopPXCs55jhachAkuw4rr/6zYVZ7hNDsq31chZ7WAbXqRvoygRtLD29CBo\nqfmil1rKzSVB3VuJnPpHbmw+3Zzt14a3ej5JtdTIEm3cPTJyd5GLRbRaS8v0OD9j\noU6HB7Zjof0gVxCvCV3hX7oPZwKBgQDKgdRfomOexCuU1eExboJ8lG9MLaCC3ndb\nsxiA4Aa9v+IcOxYPKf7HNXbvK1mUXrMdM7cvylNURtIRKe54EkDCo93FWcikZhVX\nFkvjJSjwD90xJNmvbzQH/ei+8v+Tgbl5e5SumG3tORYMS5vOcHnn5ICjYJ+0f8F1\nJqB1OhwI4wKBgQDa/vNJchHsvtC00wMnTB4dWYhcShRImqHh41OMer789pXgXAf5\noQbYqWLrkvaGrPvTVg6tycT5g9PvWI9MB4HmaurtTJR8OfWMUj3PJN63547Hv6bS\nz2SeKc1BQiiyX+AjlsPn/YX0f7rElJ82ShBZm/CzzSrKlntCmlhF6FW5SQKBgQC2\nM/Y3Tc7ATNTBh2akqT+yg4NYUT04Qp213gBQBEFMfNcee3MvlaNs7YfjTWe9/S6/\nOYa68xninA3p74ZmdlXaSsIBDPVgJZFR1/fTmd2pkTx9OSC7nhx8jFHbbJvTxkZx\nLWXraa6OYGycB3NaXQzyPkAXv5oyNziDBYwdrXkH7QKBgGPeodPVkuczMPo7aih0\n3SyRiNk5LpL1jY8O1d8ufdeDqQRKm2TdZ7hellWyPnXUxaCbMElsagr1kCvDvUjt\nVx9pl1xWUevCa1/0p/Xcbo/Z28ZEXotKz+9hslUtGBQu4t04YFktLnWvfysGDFFh\n8cR4fXGQdsf84dm3QK0qDVLV\n-----END PRIVATE KEY-----\n","clientEmail":"firebase-adminsdk-37rou@coach-yard.iam.gserviceaccount.com","httpClient":{"retry":{"maxRetries":4,"statusCodes":[503],"ioErrorCodes":["ECONNRESET","ETIMEDOUT"],"backOffFactor":0.5,"maxDelayInMillis":60000}}},"databaseURL":"https://coach-yard.firebaseio.com","storageBucket":"coach-yard.appspot.com"} {"metadata":{"emulator":{"name":"functions"},"message":"[runtime-status] [94411] initializeApp(DEFAULT) {\"credential\":{\"implicit\":false,\"projectId\":\"coach-yard\",\"privateKey\":\"-----BEGIN PRIVATE KEY-----\\nMIIEvgIBADANBgkqhkiG9w0BAQEFAASCBKgwggSkAgEAAoIBAQDHDivi4mcLVVq3\\nzpkXjtfucFbLvzp6AReNqTqcrRh01e7hvssL+FmWXGRKJKDxvyegjVDWlBoiDxSD\\nw1aZPjTauYuicDVxuU+WZNkLGIG2HYjNR+HHpKgbD4ZCzvsh3ohO1iijMf4PwWQk\\nxZRHcy999bOpewXp5+Vh1/SR7pXjy9KZT1ulWKNhF40VYOVu6pa+3Qiz086QG2D/\\n6fXHCAKu5ngg931sokWNQnHiFbB7ZHbYfiX+Qcc6tPZFHxHauEn3cFRgV15c5uY/\\njnSPIHkf54D5NB7E6beM++2qZKS6NkQP4eX4hF5mbHsZLpLY0Mn7NraL1F+1szqH\\nU7+3uuBVAgMBAAECggEAHwu1SZIxKyHZX9CfrP5w7DXmO6nsJ2ozL7uEsjoHFfXl\\n55yX05qc8mgfljbHSV0cg5x2zrjTqJs8gl59i7IZkUGeJywkEcQqxxSci2/7jxll\\nJEtBSh+CvpG5yYK5xWsNTGp3dRiPfQqXIWsVeN1cu2MObfELl5M9AfkqInaZNylk\\nrutFYlgZlg/B4QjwGtptzkiHVBqCWsgrFsKhygqN+Cqa52pBFgfXrICso9Aw6atc\\nsJii70KZmT8i20HZv104RyjVeHTcL/Bp5hrCOzLa1CmePk4RH3AsWOk0HieWQlky\\ni+yzZ3wEAJJWEyMpdXF2rkyvppGcna1yjBV8qxZrIwKBgQD7ouvEojUsVKhZWoou\\nWlSs9pBopPXCs55jhachAkuw4rr/6zYVZ7hNDsq31chZ7WAbXqRvoygRtLD29CBo\\nqfmil1rKzSVB3VuJnPpHbmw+3Zzt14a3ej5JtdTIEm3cPTJyd5GLRbRaS8v0OD9j\\noU6HB7Zjof0gVxCvCV3hX7oPZwKBgQDKgdRfomOexCuU1eExboJ8lG9MLaCC3ndb\\nsxiA4Aa9v+IcOxYPKf7HNXbvK1mUXrMdM7cvylNURtIRKe54EkDCo93FWcikZhVX\\nFkvjJSjwD90xJNmvbzQH/ei+8v+Tgbl5e5SumG3tORYMS5vOcHnn5ICjYJ+0f8F1\\nJqB1OhwI4wKBgQDa/vNJchHsvtC00wMnTB4dWYhcShRImqHh41OMer789pXgXAf5\\noQbYqWLrkvaGrPvTVg6tycT5g9PvWI9MB4HmaurtTJR8OfWMUj3PJN63547Hv6bS\\nz2SeKc1BQiiyX+AjlsPn/YX0f7rElJ82ShBZm/CzzSrKlntCmlhF6FW5SQKBgQC2\\nM/Y3Tc7ATNTBh2akqT+yg4NYUT04Qp213gBQBEFMfNcee3MvlaNs7YfjTWe9/S6/\\nOYa68xninA3p74ZmdlXaSsIBDPVgJZFR1/fTmd2pkTx9OSC7nhx8jFHbbJvTxkZx\\nLWXraa6OYGycB3NaXQzyPkAXv5oyNziDBYwdrXkH7QKBgGPeodPVkuczMPo7aih0\\n3SyRiNk5LpL1jY8O1d8ufdeDqQRKm2TdZ7hellWyPnXUxaCbMElsagr1kCvDvUjt\\nVx9pl1xWUevCa1/0p/Xcbo/Z28ZEXotKz+9hslUtGBQu4t04YFktLnWvfysGDFFh\\n8cR4fXGQdsf84dm3QK0qDVLV\\n-----END PRIVATE KEY-----\\n\",\"clientEmail\":\"firebase-adminsdk-37rou@coach-yard.iam.gserviceaccount.com\",\"httpClient\":{\"retry\":{\"maxRetries\":4,\"statusCodes\":[503],\"ioErrorCodes\":[\"ECONNRESET\",\"ETIMEDOUT\"],\"backOffFactor\":0.5,\"maxDelayInMillis\":60000}}},\"databaseURL\":\"https://coach-yard.firebaseio.com\",\"storageBucket\":\"coach-yard.appspot.com\"}"}}
[debug] [2020-12-12T14:26:05.496Z] [runtime-status] [94411] auth.setJwtVerificationEnabled not available {"metadata":{"emulator":{"name":"functions"},"message":"[runtime-status] [94411] auth.setJwtVerificationEnabled not available"}}
[debug] [2020-12-12T14:26:05.497Z] [worker-~diagnostic~-c8206d84-7e6d-49d7-93e4-a704ded2d9f1]: IDLE {"metadata":{"emulator":{"name":"functions"},"message":"[worker-~diagnostic~-c8206d84-7e6d-49d7-93e4-a704ded2d9f1]: IDLE"}}
